<?xml version="1.0" encoding="UTF-8"?>
<testng-results ignored="0" total="1" passed="1" failed="0" skipped="0">
  <reporter-output>
  </reporter-output>
  <suite started-at="2022-11-01T23:59:01 IST" name="Default suite" finished-at="2022-11-01T23:59:08 IST" duration-ms="7036">
    <groups>
    </groups>
    <test started-at="2022-11-01T23:59:01 IST" name="Default test" finished-at="2022-11-01T23:59:08 IST" duration-ms="7036">
      <class name="udemy1.StaticJsonFile">
        <test-method signature="addPlace()[pri:0, instance:udemy1.StaticJsonFile@78ffe6dc]" started-at="2022-11-01T23:59:01 IST" name="addPlace" finished-at="2022-11-01T23:59:08 IST" duration-ms="6960" status="PASS">
          <reporter-output>
          </reporter-output>
        </test-method> <!-- addPlace -->
      </class> <!-- udemy1.StaticJsonFile -->
    </test> <!-- Default test -->
  </suite> <!-- Default suite -->
</testng-results>
