<?xml version="1.0" encoding="UTF-8"?>
<testng-results ignored="0" total="1" passed="1" failed="0" skipped="0">
  <reporter-output>
  </reporter-output>
  <suite started-at="2022-11-02T17:01:56 IST" name="Default suite" finished-at="2022-11-02T17:02:02 IST" duration-ms="6140">
    <groups>
    </groups>
    <test started-at="2022-11-02T17:01:56 IST" name="Default test" finished-at="2022-11-02T17:02:02 IST" duration-ms="6140">
      <class name="udemy.AskBasic">
        <test-method signature="post()[pri:0, instance:udemy.AskBasic@78ffe6dc]" started-at="2022-11-02T17:01:56 IST" name="post" finished-at="2022-11-02T17:02:02 IST" duration-ms="6053" status="PASS">
          <reporter-output>
          </reporter-output>
        </test-method> <!-- post -->
      </class> <!-- udemy.AskBasic -->
    </test> <!-- Default test -->
  </suite> <!-- Default suite -->
</testng-results>
